<?xml version="1.0" encoding="UTF-8"?>
<testng-results ignored="0" total="2" passed="2" failed="0" skipped="0">
  <reporter-output>
  </reporter-output>
  <suite started-at="2019-03-08T07:06:52Z" name="Surefire suite" finished-at="2019-03-08T07:06:52Z" duration-ms="63">
    <groups>
    </groups>
    <test started-at="2019-03-08T07:06:52Z" name="Surefire test" finished-at="2019-03-08T07:06:52Z" duration-ms="63">
      <class name="TQHome.RESTAPITest">
        <test-method signature="deleteTwitter()" started-at="2019-03-08T07:06:52Z" name="deleteTwitter" finished-at="2019-03-08T07:06:52Z" duration-ms="16" status="PASS">
          <reporter-output>
          </reporter-output>
        </test-method> <!-- deleteTwitter -->
        <test-method signature="postJira()" started-at="2019-03-08T07:06:52Z" name="postJira" finished-at="2019-03-08T07:06:52Z" duration-ms="16" status="PASS">
          <reporter-output>
          </reporter-output>
        </test-method> <!-- postJira -->
      </class> <!-- TQHome.RESTAPITest -->
    </test> <!-- Surefire test -->
  </suite> <!-- Surefire suite -->
</testng-results>
