<?xml version="1.0" encoding="UTF-8"?>
<testng-results ignored="0" total="4" passed="4" failed="0" skipped="0">
  <reporter-output>
  </reporter-output>
  <suite started-at="2019-03-08T07:06:51Z" name="Surefire suite" finished-at="2019-03-08T07:06:51Z" duration-ms="47">
    <groups>
    </groups>
    <test started-at="2019-03-08T07:06:51Z" name="Surefire test" finished-at="2019-03-08T07:06:51Z" duration-ms="47">
      <class name="TQHome.AppiumTest">
        <test-method signature="nativeiOsApps()[pri:0, instance:TQHome.AppiumTest@245b4bdc]" started-at="2019-03-08T07:06:51Z" name="nativeiOsApps" finished-at="2019-03-08T07:06:51Z" duration-ms="0" status="PASS">
          <reporter-output>
          </reporter-output>
        </test-method> <!-- nativeiOsApps -->
        <test-method signature="nativeAppAndroid()[pri:0, instance:TQHome.AppiumTest@245b4bdc]" started-at="2019-03-08T07:06:51Z" name="nativeAppAndroid" finished-at="2019-03-08T07:06:51Z" duration-ms="0" status="PASS">
          <reporter-output>
          </reporter-output>
        </test-method> <!-- nativeAppAndroid -->
      </class> <!-- TQHome.AppiumTest -->
      <class name="TQHome.SeleniumTest">
        <test-method signature="BrowserAutomation()[pri:0, instance:TQHome.SeleniumTest@6c64cb25]" started-at="2019-03-08T07:06:51Z" name="BrowserAutomation" finished-at="2019-03-08T07:06:51Z" duration-ms="0" status="PASS">
          <reporter-output>
          </reporter-output>
        </test-method> <!-- BrowserAutomation -->
        <test-method signature="elementsUI()[pri:0, instance:TQHome.SeleniumTest@6c64cb25]" started-at="2019-03-08T07:06:51Z" name="elementsUI" finished-at="2019-03-08T07:06:51Z" duration-ms="0" status="PASS">
          <reporter-output>
          </reporter-output>
        </test-method> <!-- elementsUI -->
      </class> <!-- TQHome.SeleniumTest -->
    </test> <!-- Surefire test -->
  </suite> <!-- Surefire suite -->
</testng-results>
