<?xml version="1.0" encoding="UTF-8"?>
<!-- Generated by org.testng.reporters.JUnitXMLReporter -->
<testsuite hostname="DESKTOP-KV4TQRG" ignored="3" name="Test" tests="3" failures="0" timestamp="10 Mar 2019 06:42:41 GMT" time="4.47" errors="0">
  <testcase name="deleteTwitter" time="0.0" classname="TQHome.RESTAPITest"/>
  <testcase name="BrowserAutomation" time="4.421" classname="TQHome.SeleniumTest"/>
  <testcase name="iOsApps" time="0.0" classname="TQHome.TestAppium"/>
  <testcase name="elementsUI" time="0.0" classname="TQHome.SeleniumTest">
    <ignored/>
  </testcase> <!-- elementsUI -->
  <testcase name="PostJira" time="0.0" classname="TQHome.RESTAPITest">
    <ignored/>
  </testcase> <!-- PostJira -->
  <testcase name="nativeAppAndroid" time="0.0" classname="TQHome.TestAppium">
    <ignored/>
  </testcase> <!-- nativeAppAndroid -->
</testsuite> <!-- Test -->
