<?xml version="1.0" encoding="UTF-8"?>
<testng-results ignored="0" total="2" passed="2" failed="0" skipped="0">
  <reporter-output>
  </reporter-output>
  <suite started-at="2019-03-09T04:36:34Z" name="Default suite" finished-at="2019-03-09T04:36:39Z" duration-ms="4927">
    <groups>
    </groups>
    <test started-at="2019-03-09T04:36:34Z" name="Default test" finished-at="2019-03-09T04:36:39Z" duration-ms="4927">
      <class name="TQHome.SeleniumTest">
        <test-method signature="BrowserAutomation()[pri:0, instance:TQHome.SeleniumTest@561b6512]" started-at="2019-03-09T04:36:34Z" name="BrowserAutomation" finished-at="2019-03-09T04:36:39Z" duration-ms="4871" status="PASS">
          <reporter-output>
          </reporter-output>
        </test-method> <!-- BrowserAutomation -->
        <test-method signature="elementsUI()[pri:0, instance:TQHome.SeleniumTest@561b6512]" started-at="2019-03-09T04:36:39Z" name="elementsUI" finished-at="2019-03-09T04:36:39Z" duration-ms="2" status="PASS">
          <reporter-output>
          </reporter-output>
        </test-method> <!-- elementsUI -->
      </class> <!-- TQHome.SeleniumTest -->
    </test> <!-- Default test -->
  </suite> <!-- Default suite -->
</testng-results>
