<?xml version="1.0" encoding="UTF-8"?>
<!-- Generated by org.testng.reporters.JUnitXMLReporter -->
<testsuite ignored="0" hostname="DESKTOP-KV4TQRG" failures="0" tests="2" name="Surefire test" time="0.063" errors="0" timestamp="08 Mar 2019 07:06:52 GMT">
  <testcase classname="TQHome.RESTAPITest" name="deleteTwitter on deleteTwitter(TQHome.RESTAPITest)" time="0.016"/>
  <testcase classname="TQHome.RESTAPITest" name="postJira on postJira(TQHome.RESTAPITest)" time="0.016"/>
</testsuite> <!-- Surefire test -->
